[00:02:50.028] [INFO] [36mInitializing Storybook[39m
[00:02:53.101] [DEBUG] Getting package.json info for C:/Users/Main/Documents/Web Development/NextJs/Mongo/stripe-better-auth-starter/package.json...
[00:02:53.102] [DEBUG] Getting CLI versions from NPM for storybook...
[00:02:53.102] [DEBUG] Executing command: yarn info storybook version --json
[00:02:59.517] [INFO] Adding Storybook version 10.1.9 to your project
[00:02:59.519] [DEBUG] Project type detected: nextjs
[00:02:59.520] [DEBUG] Using cached package.json for C:\Users\Main\Documents\Web Development\NextJs\Mongo\stripe-better-auth-starter\package.json...
[00:02:59.609] [INFO] Framework detected: nextjs-vite
[00:02:59.610] [DEBUG] Getting installed version for vitest...
[00:02:59.610] [DEBUG] Executing command: yarn list --pattern "vitest" --json --recursive vitest
[00:03:02.703] [DEBUG] Installed version for vitest: null
[00:03:02.703] [DEBUG] Getting installed version for msw...
[00:03:02.703] [DEBUG] Executing command: yarn list --pattern "msw" --json --recursive msw
[00:03:05.845] [DEBUG] Installed version for msw: null
[00:03:39.429] [PROMPT] New to Storybook? {"choice":true}
[00:03:39.430] [INFO] Storybook collects completely anonymous usage telemetry. We use it to shape Storybook's roadmap and prioritize features. You can learn more, including how to opt out, at https://storybook.js.org/telemetry
[00:03:40.808] [INFO] base-generator-task-start: Generating Storybook configuration
[00:03:40.809] [DEBUG] Using cached package.json for C:\Users\Main\Documents\Web Development\NextJs\Mongo\stripe-better-auth-starter\package.json...
[00:03:40.809] [DEBUG] Using cached package.json for C:\Users\Main\Documents\Web Development\NextJs\Mongo\stripe-better-auth-starter\package.json...
[00:03:40.809] [DEBUG] Using cached package.json for C:\Users\Main\Documents\Web Development\NextJs\Mongo\stripe-better-auth-starter\package.json...
[00:03:40.810] [INFO] base-generator-task: - Configuring ESLint plugin
[00:03:40.812] [DEBUG] Detected flat config at C:\Users\Main\Documents\Web Development\NextJs\Mongo\stripe-better-auth-starter\eslint.config.mjs
[00:03:40.855] [DEBUG] Using cached version for storybook...
[00:03:40.855] [DEBUG] Getting CLI versions from NPM for @storybook/nextjs-vite...
[00:03:40.855] [DEBUG] Executing command: yarn info @storybook/nextjs-vite version --json
[00:03:40.885] [DEBUG] Getting CLI versions from NPM for @chromatic-com/storybook...
[00:03:40.885] [DEBUG] Executing command: yarn info @chromatic-com/storybook version --json
[00:03:40.918] [DEBUG] Getting CLI versions from NPM for @storybook/addon-vitest...
[00:03:40.918] [DEBUG] Executing command: yarn info @storybook/addon-vitest version --json
[00:03:40.952] [DEBUG] Getting CLI versions from NPM for @storybook/addon-a11y...
[00:03:40.952] [DEBUG] Executing command: yarn info @storybook/addon-a11y version --json
[00:03:40.984] [DEBUG] Getting CLI versions from NPM for @storybook/addon-docs...
[00:03:40.984] [DEBUG] Executing command: yarn info @storybook/addon-docs version --json
[00:03:41.024] [DEBUG] Getting CLI versions from NPM for @storybook/addon-onboarding...
[00:03:41.024] [DEBUG] Executing command: yarn info @storybook/addon-onboarding version --json
[00:03:41.072] [DEBUG] Getting CLI versions from NPM for vite...
[00:03:41.072] [DEBUG] Executing command: yarn info vite version --json
[00:03:41.121] [DEBUG] Getting CLI versions from NPM for eslint-plugin-storybook...
[00:03:41.121] [DEBUG] Executing command: yarn info eslint-plugin-storybook version --json
[00:05:20.585] [INFO] base-generator-task: - Configuring main.ts
[00:05:20.589] [INFO] base-generator-task: - Configuring preview.ts
[00:05:20.592] [INFO] base-generator-task: - Adding Storybook command to package.json
[00:05:20.593] [DEBUG] Getting package.json info for C:/Users/Main/Documents/Web Development/NextJs/Mongo/stripe-better-auth-starter/package.json...
[00:05:20.593] [DEBUG] Using cached package.json for C:\Users\Main\Documents\Web Development\NextJs\Mongo\stripe-better-auth-starter\package.json...
[00:05:20.595] [INFO] base-generator-task: - Copying framework templates
[00:05:21.247] [DEBUG] Executing command: yarn config get registry
[00:05:31.354] [ERROR] [38;2;241;97;97mError: Cannot find @storybook\nextjs-vite\package.json, Error [ERR_MODULE_NOT_FOUND]: Cannot find package '@storybook/nextjs-vite' imported from C:\Users\Main\AppData\Local\Yarn\Data\global\node_modules\storybook\dist\_node-chunks\chunk-YAOMP7IG.js
    at Object.getPackageJSONURL (node:internal/modules/package_json_reader:316:9)
    at packageResolve (node:internal/modules/esm/resolve:768:81)
    at moduleResolve (node:internal/modules/esm/resolve:858:18)
    at defaultResolve (node:internal/modules/esm/resolve:990:11)
    at #cachedDefaultResolve (node:internal/modules/esm/loader:757:20)
    at #resolveAndMaybeBlockOnLoaderThread (node:internal/modules/esm/loader:793:38)
    at ModuleLoader.resolveSync (node:internal/modules/esm/loader:816:52)
    at Object.resolve (node:internal/modules/esm/initialize_import_meta:36:25)
    at importMetaResolve (file:///C:/Users/Main/AppData/Local/Yarn/Data/global/node_modules/storybook/dist/_node-chunks/chunk-YAOMP7IG.js:717:48)
    at resolvePackageDir (file:///C:/Users/Main/AppData/Local/Yarn/Data/global/node_modules/storybook/dist/_node-chunks/chunk-YAOMP7IG.js:721:35)

Error: Stream timed out after 5000ms of inactivity.
    at Timeout._onTimeout (file:///C:/Users/Main/AppData/Local/Yarn/Data/global/node_modules/storybook/dist/_node-chunks/chunk-OLRSOKQJ.js:5210:17)
    at listOnTimeout (node:internal/timers:608:17)
    at process.processTimers (node:internal/timers:543:7)[39m
    at getRendererDir (file:///C:/Users/Main/AppData/Local/Yarn/Data/global/node_modules/storybook/dist/_node-chunks/chunk-OLRSOKQJ.js:5409:9)
    at process.processTicksAndRejections (node:internal/process/task_queues:105:5)
    at async templatePath (file:///C:/Users/Main/AppData/Local/Yarn/Data/global/node_modules/storybook/dist/_node-chunks/chunk-OLRSOKQJ.js:5483:19)
    at async copyTemplateFiles (file:///C:/Users/Main/AppData/Local/Yarn/Data/global/node_modules/storybook/dist/_node-chunks/chunk-OLRSOKQJ.js:5498:17)
    at async baseGenerator (file:///C:/Users/Main/AppData/Local/Yarn/Data/global/node_modules/create-storybook/dist/_node-chunks/chunk-DXGXNTCQ.js:1277:152)
    at async GeneratorExecutionCommand.executeProjectGenerator (file:///C:/Users/Main/AppData/Local/Yarn/Data/global/node_modules/create-storybook/dist/_node-chunks/chunk-DXGXNTCQ.js:1345:101)
    at async GeneratorExecutionCommand.execute (file:///C:/Users/Main/AppData/Local/Yarn/Data/global/node_modules/create-storybook/dist/_node-chunks/chunk-DXGXNTCQ.js:1367:27)
    at async doInitiate (file:///C:/Users/Main/AppData/Local/Yarn/Data/global/node_modules/create-storybook/dist/_node-chunks/chunk-DXGXNTCQ.js:2279:68)
    at async file:///C:/Users/Main/AppData/Local/Yarn/Data/global/node_modules/create-storybook/dist/_node-chunks/chunk-DXGXNTCQ.js:2322:20
    at async withTelemetry (file:///C:/Users/Main/AppData/Local/Yarn/Data/global/node_modules/storybook/dist/_node-chunks/chunk-3Q5I3QYJ.js:209:12)